$ npm install
npm WARN deprecated babel-eslint@8.2.6: babel-eslint is now @babel/eslint-parser. This package will no longer receive updates.
npm WARN deprecated eslint-loader@1.9.0: This loader has been deprecated. Please use eslint-webpack-plugin
npm WARN deprecated extract-text-webpack-plugin@3.0.2: Deprecated. Please use https://github.com/webpack-contrib/mini-css-extract-plugin
npm WARN deprecated browserslist@2.11.3: Browserslist 2 could fail on reading Browserslist >3.0 config used in other tools.
npm WARN deprecated bfj-node4@5.3.1: Switch to the `bfj` package for fixes and new features!
npm WARN deprecated chokidar@2.1.8: Chokidar 2 will break on node v14+. Upgrade to chokidar 3 with 15x less dependencies.
npm WARN deprecated core-js@2.6.12: core-js@<3 is no longer maintained and not recommended for usage due to the number of issues. Please, upgrade your dependencies to the actual version of core-js@3.
npm WARN deprecated fsevents@1.2.13: fsevents 1 will break on node v14+ and could be using insecure binaries. Upgrade to fsevents 2.
npm WARN deprecated browserslist@1.7.7: Browserslist 2 could fail on reading Browserslist >3.0 config used in other tools.
npm WARN deprecated circular-json@0.3.3: CircularJSON is in maintenance only, flatted is its successor.
npm WARN deprecated resolve-url@0.2.1: https://github.com/lydell/resolve-url#deprecated
npm WARN deprecated urix@0.1.0: Please see https://github.com/lydell/urix#deprecated

> fsevents@1.2.13 install /Users/dovsnier/Documents/Work_Space_XScript/Vue/vuedemo/node_modules/watchpack-chokidar2/node_modules/fsevents
> node install.js

  SOLINK_MODULE(target) Release/.node
  CXX(target) Release/obj.target/fse/fsevents.o
  SOLINK_MODULE(target) Release/fse.node

> fsevents@1.2.13 install /Users/dovsnier/Documents/Work_Space_XScript/Vue/vuedemo/node_modules/webpack-dev-server/node_modules/fsevents
> node install.js

  SOLINK_MODULE(target) Release/.node
  CXX(target) Release/obj.target/fse/fsevents.o
  SOLINK_MODULE(target) Release/fse.node

> core-js@2.6.12 postinstall /Users/dovsnier/Documents/Work_Space_XScript/Vue/vuedemo/node_modules/core-js
> node -e "try{require('./postinstall')}catch(e){}"

Thank you for using core-js ( https://github.com/zloirock/core-js ) for polyfilling JavaScript standard library!

The project needs your help! Please consider supporting of core-js on Open Collective or Patreon:
> https://opencollective.com/core-js
> https://www.patreon.com/zloirock

Also, the author of core-js ( https://github.com/zloirock ) is looking for a good job -)


> ejs@2.7.4 postinstall /Users/dovsnier/Documents/Work_Space_XScript/Vue/vuedemo/node_modules/ejs
> node ./postinstall.js

Thank you for installing EJS: built with the Jake JavaScript build tool (https://jakejs.com/)


> uglifyjs-webpack-plugin@0.4.6 postinstall /Users/dovsnier/Documents/Work_Space_XScript/Vue/vuedemo/node_modules/webpack/node_modules/uglifyjs-webpack-plugin
> node lib/post_install.js

npm notice created a lockfile as package-lock.json. You should commit this file.
added 1382 packages from 725 contributors in 29.866s

43 packages are looking for funding
  run `npm fund` for details



   ╭───────────────────────────────────────────────────────────────╮
   │                                                               │
   │      New major version of npm available! 6.14.10 → 7.5.2      │
   │   Changelog: https://github.com/npm/cli/releases/tag/v7.5.2   │
   │               Run npm install -g npm to update!               │
   │                                                               │
   ╰───────────────────────────────────────────────────────────────
